<?xml version="1.0" encoding="UTF-8"?>
<testsuite xmlns:xsi="http://www.w3.org/2001/XMLSchema-instance" xsi:noNamespaceSchemaLocation="https://maven.apache.org/surefire/maven-surefire-plugin/xsd/surefire-test-report.xsd" name="cucumberOptions.TestRunner" time="1.982" tests="5" errors="0" skipped="0" failures="0">
  <properties>
    <property name="sun.desktop" value="windows"/>
    <property name="awt.toolkit" value="sun.awt.windows.WToolkit"/>
    <property name="file.encoding.pkg" value="sun.io"/>
    <property name="java.specification.version" value="1.8"/>
    <property name="sun.cpu.isalist" value=""/>
    <property name="sun.jnu.encoding" value="Cp1252"/>
    <property name="java.class.path" value="C:\Users\milos\Desktop\Cucumber Milos\Automation\target\test-classes;C:\Users\milos\Desktop\Cucumber Milos\Automation\target\classes;C:\Users\milos\.m2\repository\io\cucumber\cucumber-java\6.6.0\cucumber-java-6.6.0.jar;C:\Users\milos\.m2\repository\io\cucumber\cucumber-core\6.6.0\cucumber-core-6.6.0.jar;C:\Users\milos\.m2\repository\io\cucumber\cucumber-gherkin\6.6.0\cucumber-gherkin-6.6.0.jar;C:\Users\milos\.m2\repository\io\cucumber\cucumber-gherkin-messages\6.6.0\cucumber-gherkin-messages-6.6.0.jar;C:\Users\milos\.m2\repository\io\cucumber\messages\13.0.1\messages-13.0.1.jar;C:\Users\milos\.m2\repository\io\cucumber\tag-expressions\3.0.0\tag-expressions-3.0.0.jar;C:\Users\milos\.m2\repository\io\cucumber\cucumber-expressions\10.3.0\cucumber-expressions-10.3.0.jar;C:\Users\milos\.m2\repository\io\cucumber\datatable\3.4.0\datatable-3.4.0.jar;C:\Users\milos\.m2\repository\io\cucumber\cucumber-plugin\6.6.0\cucumber-plugin-6.6.0.jar;C:\Users\milos\.m2\repository\io\cucumber\docstring\6.6.0\docstring-6.6.0.jar;C:\Users\milos\.m2\repository\io\cucumber\html-formatter\9.0.0\html-formatter-9.0.0.jar;C:\Users\milos\.m2\repository\io\cucumber\create-meta\2.0.1\create-meta-2.0.1.jar;C:\Users\milos\.m2\repository\org\apiguardian\apiguardian-api\1.1.0\apiguardian-api-1.1.0.jar;C:\Users\milos\.m2\repository\io\cucumber\cucumber-junit\6.6.0\cucumber-junit-6.6.0.jar;C:\Users\milos\.m2\repository\junit\junit\4.11\junit-4.11.jar;C:\Users\milos\.m2\repository\org\hamcrest\hamcrest-core\1.3\hamcrest-core-1.3.jar;"/>
    <property name="java.vm.vendor" value="Oracle Corporation"/>
    <property name="sun.arch.data.model" value="32"/>
    <property name="user.variant" value=""/>
    <property name="java.vendor.url" value="http://java.oracle.com/"/>
    <property name="user.timezone" value="Europe/Prague"/>
    <property name="java.vm.specification.version" value="1.8"/>
    <property name="os.name" value="Windows 8.1"/>
    <property name="user.country" value="US"/>
    <property name="sun.java.launcher" value="SUN_STANDARD"/>
    <property name="sun.boot.library.path" value="C:\Program Files\Java\java-se-8u41-ri\jre\bin"/>
    <property name="sun.java.command" value="C:\Users\milos\AppData\Local\Temp\surefire7921514138738574542\surefirebooter8394374282952759353.jar C:\Users\milos\AppData\Local\Temp\surefire7921514138738574542 2020-09-02T17-28-09_978-jvmRun1 surefire2000092324842450733tmp surefire_08977955590174980400tmp"/>
    <property name="surefire.test.class.path" value="C:\Users\milos\Desktop\Cucumber Milos\Automation\target\test-classes;C:\Users\milos\Desktop\Cucumber Milos\Automation\target\classes;C:\Users\milos\.m2\repository\io\cucumber\cucumber-java\6.6.0\cucumber-java-6.6.0.jar;C:\Users\milos\.m2\repository\io\cucumber\cucumber-core\6.6.0\cucumber-core-6.6.0.jar;C:\Users\milos\.m2\repository\io\cucumber\cucumber-gherkin\6.6.0\cucumber-gherkin-6.6.0.jar;C:\Users\milos\.m2\repository\io\cucumber\cucumber-gherkin-messages\6.6.0\cucumber-gherkin-messages-6.6.0.jar;C:\Users\milos\.m2\repository\io\cucumber\messages\13.0.1\messages-13.0.1.jar;C:\Users\milos\.m2\repository\io\cucumber\tag-expressions\3.0.0\tag-expressions-3.0.0.jar;C:\Users\milos\.m2\repository\io\cucumber\cucumber-expressions\10.3.0\cucumber-expressions-10.3.0.jar;C:\Users\milos\.m2\repository\io\cucumber\datatable\3.4.0\datatable-3.4.0.jar;C:\Users\milos\.m2\repository\io\cucumber\cucumber-plugin\6.6.0\cucumber-plugin-6.6.0.jar;C:\Users\milos\.m2\repository\io\cucumber\docstring\6.6.0\docstring-6.6.0.jar;C:\Users\milos\.m2\repository\io\cucumber\html-formatter\9.0.0\html-formatter-9.0.0.jar;C:\Users\milos\.m2\repository\io\cucumber\create-meta\2.0.1\create-meta-2.0.1.jar;C:\Users\milos\.m2\repository\org\apiguardian\apiguardian-api\1.1.0\apiguardian-api-1.1.0.jar;C:\Users\milos\.m2\repository\io\cucumber\cucumber-junit\6.6.0\cucumber-junit-6.6.0.jar;C:\Users\milos\.m2\repository\junit\junit\4.11\junit-4.11.jar;C:\Users\milos\.m2\repository\org\hamcrest\hamcrest-core\1.3\hamcrest-core-1.3.jar;"/>
    <property name="sun.cpu.endian" value="little"/>
    <property name="user.home" value="C:\Users\milos"/>
    <property name="user.language" value="en"/>
    <property name="java.specification.vendor" value="Oracle Corporation"/>
    <property name="java.home" value="C:\Program Files\Java\java-se-8u41-ri\jre"/>
    <property name="basedir" value="C:\Users\milos\Desktop\Cucumber Milos\Automation"/>
    <property name="file.separator" value="\"/>
    <property name="line.separator" value="&#10;"/>
    <property name="java.vm.specification.vendor" value="Oracle Corporation"/>
    <property name="java.specification.name" value="Java Platform API Specification"/>
    <property name="java.awt.graphicsenv" value="sun.awt.Win32GraphicsEnvironment"/>
    <property name="surefire.real.class.path" value="C:\Users\milos\AppData\Local\Temp\surefire7921514138738574542\surefirebooter8394374282952759353.jar"/>
    <property name="sun.boot.class.path" value="C:\Program Files\Java\java-se-8u41-ri\jre\lib\resources.jar;C:\Program Files\Java\java-se-8u41-ri\jre\lib\rt.jar;C:\Program Files\Java\java-se-8u41-ri\jre\lib\sunrsasign.jar;C:\Program Files\Java\java-se-8u41-ri\jre\lib\jsse.jar;C:\Program Files\Java\java-se-8u41-ri\jre\lib\jce.jar;C:\Program Files\Java\java-se-8u41-ri\jre\lib\charsets.jar;C:\Program Files\Java\java-se-8u41-ri\jre\lib\jfr.jar;C:\Program Files\Java\java-se-8u41-ri\jre\classes"/>
    <property name="user.script" value=""/>
    <property name="sun.management.compiler" value="HotSpot Client Compiler"/>
    <property name="java.runtime.version" value="1.8.0_41-b04"/>
    <property name="user.name" value="milos"/>
    <property name="path.separator" value=";"/>
    <property name="os.version" value="6.3"/>
    <property name="java.endorsed.dirs" value="C:\Program Files\Java\java-se-8u41-ri\jre\lib\endorsed"/>
    <property name="java.runtime.name" value="OpenJDK Runtime Environment"/>
    <property name="file.encoding" value="Cp1252"/>
    <property name="java.vm.name" value="OpenJDK Client VM"/>
    <property name="localRepository" value="C:\Users\milos\.m2\repository"/>
    <property name="java.vendor.url.bug" value="http://bugreport.sun.com/bugreport/"/>
    <property name="java.io.tmpdir" value="C:\Users\milos\AppData\Local\Temp\"/>
    <property name="java.version" value="1.8.0_41"/>
    <property name="user.dir" value="C:\Users\milos\Desktop\Cucumber Milos\Automation"/>
    <property name="os.arch" value="x86"/>
    <property name="java.vm.specification.name" value="Java Virtual Machine Specification"/>
    <property name="java.awt.printerjob" value="sun.awt.windows.WPrinterJob"/>
    <property name="sun.os.patch.level" value=""/>
    <property name="java.library.path" value="C:\Program Files\Java\java-se-8u41-ri\jre\bin;C:\Windows\Sun\Java\bin;C:\Windows\system32;C:\Windows;C:\Windows\system32;C:\Windows;C:\Windows\System32\Wbem;C:\Windows\System32\WindowsPowerShell\v1.0\;C:\Windows\System32\OpenSSH\;C:\Program Files\nodejs\;C:\Program Files\Java\java-se-8u41-ri\bin;C:\apache-maven-3.6.1-bin\apache-maven-3.6.1\bin;C:\Program Files\Git\cmd;;C:\Program Files\Docker\Docker\resources\bin;C:\ProgramData\DockerDesktop\version-bin;C:\Users\milos\AppData\Local\Microsoft\WindowsApps;C:\Users\milos\AppData\Roaming\npm;C:\Program Files\JetBrains\IntelliJ IDEA Community Edition 2019.2\bin;;C:\Users\milos\AppData\Local\Programs\Microsoft VS Code\bin;."/>
    <property name="java.vm.info" value="mixed mode"/>
    <property name="java.vendor" value="Oracle Corporation"/>
    <property name="java.vm.version" value="25.40-b25"/>
    <property name="java.ext.dirs" value="C:\Program Files\Java\java-se-8u41-ri\jre\lib\ext;C:\Windows\Sun\Java\lib\ext"/>
    <property name="sun.io.unicode.encoding" value="UnicodeLittle"/>
    <property name="java.class.version" value="52.0"/>
  </properties>
  <testcase name="Home page default login #2" classname="Application Login" time="0.336"/>
  <testcase name="Home page default login #4" classname="Application Login" time="0.072"/>
  <testcase name="Home page default login #5" classname="Application Login" time="0.07"/>
  <testcase name="Home page default login #6" classname="Application Login" time="0.063"/>
  <testcase name="Home page default login #7" classname="Application Login" time="0.064"/>
</testsuite>